<?xml version="1.0" encoding="UTF-8"?>
<testsuite xmlns:xsi="http://www.w3.org/2001/XMLSchema-instance" xsi:noNamespaceSchemaLocation="https://maven.apache.org/surefire/maven-surefire-plugin/xsd/surefire-test-report.xsd" name="CreateUserTest" time="2.405" tests="3" errors="0" skipped="0" failures="0">
  <properties>
[...]
</properties>
  <testcase name="createCourierDuplicateTest" classname="CreateUserTest" time="1.005"/>
  <testcase name="createCourierValidTest" classname="CreateUserTest" time="0.824"/>
  <testcase name="createCourierInvalidTest" classname="CreateUserTest" time="0.573"/>
</testsuite>